<?xml version="1.0" encoding="UTF-8"?>
<!-- Generated by org.testng.reporters.JUnitXMLReporter -->
<testsuite ignored="0" hostname="Admin-PC" failures="1" tests="2" name="Test" time="15.198" errors="0" timestamp="2022-06-23T18:34:47 IST">
  <testcase classname="testClasses.TestNgTestClass" name="verifyInvestmentButtonisAvailable" time="0.14">
    <failure type="org.testng.internal.thread.ThreadTimeoutException" message="Method testClasses.TestNgTestClass.verifyInvestmentButtonisAvailable() didn&amp;apos;t finish within the time-out 100">
      <![CDATA[org.testng.internal.thread.ThreadTimeoutException: Method testClasses.TestNgTestClass.verifyInvestmentButtonisAvailable() didn't finish within the time-out 100
at java.base@11.0.15/jdk.internal.misc.Unsafe.park(Native Method)
at java.base@11.0.15/java.util.concurrent.locks.LockSupport.parkNanos(LockSupport.java:234)
at java.base@11.0.15/java.util.concurrent.CompletableFuture$Signaller.block(CompletableFuture.java:1798)
at java.base@11.0.15/java.util.concurrent.ForkJoinPool.managedBlock(ForkJoinPool.java:3128)
at java.base@11.0.15/java.util.concurrent.CompletableFuture.timedGet(CompletableFuture.java:1868)
at java.base@11.0.15/java.util.concurrent.CompletableFuture.get(CompletableFuture.java:2021)
at app//org.asynchttpclient.netty.NettyResponseFuture.get(NettyResponseFuture.java:206)
at app//org.openqa.selenium.remote.http.netty.NettyHttpHandler.makeCall(NettyHttpHandler.java:59)
at app//org.openqa.selenium.remote.http.netty.NettyHttpHandler$$Lambda$233/0x000000001e736c40.execute(Unknown Source)
at app//org.openqa.selenium.remote.http.AddSeleniumUserAgent.lambda$apply$0(AddSeleniumUserAgent.java:42)
at app//org.openqa.selenium.remote.http.AddSeleniumUserAgent$$Lambda$435/0x000000001e7ffc40.execute(Unknown Source)
at app//org.openqa.selenium.remote.http.Filter.lambda$andFinally$1(Filter.java:56)
at app//org.openqa.selenium.remote.http.Filter$$Lambda$234/0x000000001e736440.execute(Unknown Source)
at app//org.openqa.selenium.remote.http.netty.NettyHttpHandler.execute(NettyHttpHandler.java:49)
at app//org.openqa.selenium.remote.http.AddSeleniumUserAgent.lambda$apply$0(AddSeleniumUserAgent.java:42)
at app//org.openqa.selenium.remote.http.AddSeleniumUserAgent$$Lambda$435/0x000000001e7ffc40.execute(Unknown Source)
at app//org.openqa.selenium.remote.http.Filter.lambda$andFinally$1(Filter.java:56)
at app//org.openqa.selenium.remote.http.Filter$$Lambda$234/0x000000001e736440.execute(Unknown Source)
at app//org.openqa.selenium.remote.http.netty.NettyClient.execute(NettyClient.java:98)
at app//org.openqa.selenium.remote.HttpCommandExecutor.execute(HttpCommandExecutor.java:181)
at app//org.openqa.selenium.remote.service.DriverCommandExecutor.invokeExecute(DriverCommandExecutor.java:167)
at app//org.openqa.selenium.remote.service.DriverCommandExecutor.execute(DriverCommandExecutor.java:142)
at app//org.openqa.selenium.remote.RemoteWebDriver.execute(RemoteWebDriver.java:588)
at app//org.openqa.selenium.remote.ElementLocation$ElementFinder$2.findElement(ElementLocation.java:162)
at app//org.openqa.selenium.remote.ElementLocation.findElement(ElementLocation.java:60)
at app//org.openqa.selenium.remote.RemoteWebDriver.findElement(RemoteWebDriver.java:406)
at app//org.openqa.selenium.remote.RemoteWebDriver.findElement(RemoteWebDriver.java:398)
at app//org.openqa.selenium.support.pagefactory.DefaultElementLocator.findElement(DefaultElementLocator.java:70)
at app//org.openqa.selenium.support.pagefactory.internal.LocatingElementHandler.invoke(LocatingElementHandler.java:39)
at app//com.sun.proxy.$Proxy17.isDisplayed(Unknown Source)
at app//kiteAppPomClasses.HomePage.validateInvestmentButton(HomePage.java:22)
at app//testClasses.TestNgTestClass.verifyInvestmentButtonisAvailable(TestNgTestClass.java:56)
at java.base@11.0.15/java.util.concurrent.FutureTask.run(FutureTask.java:264)
at java.base@11.0.15/java.util.concurrent.ThreadPoolExecutor.runWorker(ThreadPoolExecutor.java:1128)
at java.base@11.0.15/java.util.concurrent.ThreadPoolExecutor$Worker.run(ThreadPoolExecutor.java:628)
at java.base@11.0.15/java.lang.Thread.run(Thread.java:834)
... Removed 8 stack frames]]>
    </failure>
  </testcase> <!-- verifyInvestmentButtonisAvailable -->
  <testcase classname="testClasses.TestNgTestClass" name="verifyStartedButtonIsAvailable" time="0.105"/>
</testsuite> <!-- Test -->
