<html>
<head>
<title>TestNG:  Test</title>
<link href="../testng.css" rel="stylesheet" type="text/css" />
<link href="../my-testng.css" rel="stylesheet" type="text/css" />

<style type="text/css">
.log { display: none;} 
.stack-trace { display: none;} 
</style>
<script type="text/javascript">
<!--
function flip(e) {
  current = e.style.display;
  if (current == 'block') {
    e.style.display = 'none';
    return 0;
  }
  else {
    e.style.display = 'block';
    return 1;
  }
}

function toggleBox(szDivId, elem, msg1, msg2)
{
  var res = -1;  if (document.getElementById) {
    res = flip(document.getElementById(szDivId));
  }
  else if (document.all) {
    // this is the way old msie versions work
    res = flip(document.all[szDivId]);
  }
  if(elem) {
    if(res == 0) elem.innerHTML = msg1; else elem.innerHTML = msg2;
  }

}

function toggleAllBoxes() {
  if (document.getElementsByTagName) {
    d = document.getElementsByTagName('div');
    for (i = 0; i < d.length; i++) {
      if (d[i].className == 'log') {
        flip(d[i]);
      }
    }
  }
}

// -->
</script>

</head>
<body>
<h2 align='center'>Test</h2><table border='1' align="center">
<tr>
<td>Tests passed/Failed/Skipped:</td><td>1/1/0</td>
</tr><tr>
<td>Started on:</td><td>Thu Jun 23 18:34:32 IST 2022</td>
</tr>
<tr><td>Total time:</td><td>15 seconds (15198 ms)</td>
</tr><tr>
<td>Included groups:</td><td></td>
</tr><tr>
<td>Excluded groups:</td><td></td>
</tr>
</table><p/>
<small><i>(Hover the method name to see the test class name)</i></small><p/>
<table width='100%' border='1' class='invocation-failed'>
<tr><td colspan='4' align='center'><b>FAILED TESTS</b></td></tr>
<tr><td><b>Test method</b></td>
<td><b>Attribute(s)</b></td>
<td width="30%"><b>Exception</b></td>
<td width="10%"><b>Time (seconds)</b></td>
<td><b>Instance</b></td>
</tr>
<tr>
<td title='testClasses.TestNgTestClass.verifyInvestmentButtonisAvailable()'><b>verifyInvestmentButtonisAvailable</b><br>Test class: testClasses.TestNgTestClass<br/>
<a href="#Output-685871974" onClick='toggleBox("Output-685871974", this, "Show output", "Hide output");'>Show output</a>

<a href="#Output-685871974" onClick="toggleAllBoxes();">Show all outputs</a>
<div class='log' id="Output-685871974">
Tc is start<br/>
start test case name isverifyInvestmentButtonisAvailable<br/>
</div>
</td>
<td><div><pre>org.testng.internal.thread.ThreadTimeoutException: Method testClasses.TestNgTestClass.verifyInvestmentButtonisAvailable() didn&apos;t finish within the time-out 100
	at java.base@11.0.15/jdk.internal.misc.Unsafe.park(Native Method)
	at java.base@11.0.15/java.util.concurrent.locks.LockSupport.parkNanos(LockSupport.java:234)
	at java.base@11.0.15/java.util.concurrent.CompletableFuture$Signaller.block(CompletableFuture.java:1798)
	at java.base@11.0.15/java.util.concurrent.ForkJoinPool.managedBlock(ForkJoinPool.java:3128)
	at java.base@11.0.15/java.util.concurrent.CompletableFuture.timedGet(CompletableFuture.java:1868)
	at java.base@11.0.15/java.util.concurrent.CompletableFuture.get(CompletableFuture.java:2021)
	at app//org.asynchttpclient.netty.NettyResponseFuture.get(NettyResponseFuture.java:206)
	at app//org.openqa.selenium.remote.http.netty.NettyHttpHandler.makeCall(NettyHttpHandler.java:59)
	at app//org.openqa.selenium.remote.http.netty.NettyHttpHandler$$Lambda$233/0x000000001e736c40.execute(Unknown Source)
	at app//org.openqa.selenium.remote.http.AddSeleniumUserAgent.lambda$apply$0(AddSeleniumUserAgent.java:42)
	at app//org.openqa.selenium.remote.http.AddSeleniumUserAgent$$Lambda$435/0x000000001e7ffc40.execute(Unknown Source)
	at app//org.openqa.selenium.remote.http.Filter.lambda$andFinally$1(Filter.java:56)
	at app//org.openqa.selenium.remote.http.Filter$$Lambda$234/0x000000001e736440.execute(Unknown Source)
	at app//org.openqa.selenium.remote.http.netty.NettyHttpHandler.execute(NettyHttpHandler.java:49)
	at app//org.openqa.selenium.remote.http.AddSeleniumUserAgent.lambda$apply$0(AddSeleniumUserAgent.java:42)
	at app//org.openqa.selenium.remote.http.AddSeleniumUserAgent$$Lambda$435/0x000000001e7ffc40.execute(Unknown Source)
	at app//org.openqa.selenium.remote.http.Filter.lambda$andFinally$1(Filter.java:56)
	at app//org.openqa.selenium.remote.http.Filter$$Lambda$234/0x000000001e736440.execute(Unknown Source)
	at app//org.openqa.selenium.remote.http.netty.NettyClient.execute(NettyClient.java:98)
	at app//org.openqa.selenium.remote.HttpCommandExecutor.execute(HttpCommandExecutor.java:181)
	at app//org.openqa.selenium.remote.service.DriverCommandExecutor.invokeExecute(DriverCommandExecutor.java:167)
	at app//org.openqa.selenium.remote.service.DriverCommandExecutor.execute(DriverCommandExecutor.java:142)
	at app//org.openqa.selenium.remote.RemoteWebDriver.execute(RemoteWebDriver.java:588)
	at app//org.openqa.selenium.remote.ElementLocation$ElementFinder$2.findElement(ElementLocation.java:162)
	at app//org.openqa.selenium.remote.ElementLocation.findElement(ElementLocation.java:60)
	at app//org.openqa.selenium.remote.RemoteWebDriver.findElement(RemoteWebDriver.java:406)
	at app//org.openqa.selenium.remote.RemoteWebDriver.findElement(RemoteWebDriver.java:398)
	at app//org.openqa.selenium.support.pagefactory.DefaultElementLocator.findElement(DefaultElementLocator.java:70)
	at app//org.openqa.selenium.support.pagefactory.internal.LocatingElementHandler.invoke(LocatingElementHandler.java:39)
	at app//com.sun.proxy.$Proxy17.isDisplayed(Unknown Source)
	at app//kiteAppPomClasses.HomePage.validateInvestmentButton(HomePage.java:22)
	at app//testClasses.TestNgTestClass.verifyInvestmentButtonisAvailable(TestNgTestClass.java:56)
	at java.base@11.0.15/java.util.concurrent.FutureTask.run(FutureTask.java:264)
	at java.base@11.0.15/java.util.concurrent.ThreadPoolExecutor.runWorker(ThreadPoolExecutor.java:1128)
	at java.base@11.0.15/java.util.concurrent.ThreadPoolExecutor$Worker.run(ThreadPoolExecutor.java:628)
	at java.base@11.0.15/java.lang.Thread.run(Thread.java:834)
... Removed 8 stack frames</pre></div><a href='#' onClick='toggleBox("stack-trace685871974", this, "Click to show all stack frames", "Click to hide stack frames")'>Click to show all stack frames</a>
<div class='stack-trace' id='stack-trace685871974'><pre>org.testng.internal.thread.ThreadTimeoutException: Method testClasses.TestNgTestClass.verifyInvestmentButtonisAvailable() didn&apos;t finish within the time-out 100
	at java.base@11.0.15/jdk.internal.misc.Unsafe.park(Native Method)
	at java.base@11.0.15/java.util.concurrent.locks.LockSupport.parkNanos(LockSupport.java:234)
	at java.base@11.0.15/java.util.concurrent.CompletableFuture$Signaller.block(CompletableFuture.java:1798)
	at java.base@11.0.15/java.util.concurrent.ForkJoinPool.managedBlock(ForkJoinPool.java:3128)
	at java.base@11.0.15/java.util.concurrent.CompletableFuture.timedGet(CompletableFuture.java:1868)
	at java.base@11.0.15/java.util.concurrent.CompletableFuture.get(CompletableFuture.java:2021)
	at app//org.asynchttpclient.netty.NettyResponseFuture.get(NettyResponseFuture.java:206)
	at app//org.openqa.selenium.remote.http.netty.NettyHttpHandler.makeCall(NettyHttpHandler.java:59)
	at app//org.openqa.selenium.remote.http.netty.NettyHttpHandler$$Lambda$233/0x000000001e736c40.execute(Unknown Source)
	at app//org.openqa.selenium.remote.http.AddSeleniumUserAgent.lambda$apply$0(AddSeleniumUserAgent.java:42)
	at app//org.openqa.selenium.remote.http.AddSeleniumUserAgent$$Lambda$435/0x000000001e7ffc40.execute(Unknown Source)
	at app//org.openqa.selenium.remote.http.Filter.lambda$andFinally$1(Filter.java:56)
	at app//org.openqa.selenium.remote.http.Filter$$Lambda$234/0x000000001e736440.execute(Unknown Source)
	at app//org.openqa.selenium.remote.http.netty.NettyHttpHandler.execute(NettyHttpHandler.java:49)
	at app//org.openqa.selenium.remote.http.AddSeleniumUserAgent.lambda$apply$0(AddSeleniumUserAgent.java:42)
	at app//org.openqa.selenium.remote.http.AddSeleniumUserAgent$$Lambda$435/0x000000001e7ffc40.execute(Unknown Source)
	at app//org.openqa.selenium.remote.http.Filter.lambda$andFinally$1(Filter.java:56)
	at app//org.openqa.selenium.remote.http.Filter$$Lambda$234/0x000000001e736440.execute(Unknown Source)
	at app//org.openqa.selenium.remote.http.netty.NettyClient.execute(NettyClient.java:98)
	at app//org.openqa.selenium.remote.HttpCommandExecutor.execute(HttpCommandExecutor.java:181)
	at app//org.openqa.selenium.remote.service.DriverCommandExecutor.invokeExecute(DriverCommandExecutor.java:167)
	at app//org.openqa.selenium.remote.service.DriverCommandExecutor.execute(DriverCommandExecutor.java:142)
	at app//org.openqa.selenium.remote.RemoteWebDriver.execute(RemoteWebDriver.java:588)
	at app//org.openqa.selenium.remote.ElementLocation$ElementFinder$2.findElement(ElementLocation.java:162)
	at app//org.openqa.selenium.remote.ElementLocation.findElement(ElementLocation.java:60)
	at app//org.openqa.selenium.remote.RemoteWebDriver.findElement(RemoteWebDriver.java:406)
	at app//org.openqa.selenium.remote.RemoteWebDriver.findElement(RemoteWebDriver.java:398)
	at app//org.openqa.selenium.support.pagefactory.DefaultElementLocator.findElement(DefaultElementLocator.java:70)
	at app//org.openqa.selenium.support.pagefactory.internal.LocatingElementHandler.invoke(LocatingElementHandler.java:39)
	at app//com.sun.proxy.$Proxy17.isDisplayed(Unknown Source)
	at app//kiteAppPomClasses.HomePage.validateInvestmentButton(HomePage.java:22)
	at app//testClasses.TestNgTestClass.verifyInvestmentButtonisAvailable(TestNgTestClass.java:56)
	at java.base@11.0.15/jdk.internal.reflect.NativeMethodAccessorImpl.invoke0(Native Method)
	at java.base@11.0.15/jdk.internal.reflect.NativeMethodAccessorImpl.invoke(NativeMethodAccessorImpl.java:62)
	at java.base@11.0.15/jdk.internal.reflect.DelegatingMethodAccessorImpl.invoke(DelegatingMethodAccessorImpl.java:43)
	at java.base@11.0.15/java.lang.reflect.Method.invoke(Method.java:566)
	at app//org.testng.internal.invokers.MethodInvocationHelper.invokeMethod(MethodInvocationHelper.java:139)
	at app//org.testng.internal.invokers.InvokeMethodRunnable.runOne(InvokeMethodRunnable.java:47)
	at app//org.testng.internal.invokers.InvokeMethodRunnable.call(InvokeMethodRunnable.java:76)
	at app//org.testng.internal.invokers.InvokeMethodRunnable.call(InvokeMethodRunnable.java:11)
	at java.base@11.0.15/java.util.concurrent.FutureTask.run(FutureTask.java:264)
	at java.base@11.0.15/java.util.concurrent.ThreadPoolExecutor.runWorker(ThreadPoolExecutor.java:1128)
	at java.base@11.0.15/java.util.concurrent.ThreadPoolExecutor$Worker.run(ThreadPoolExecutor.java:628)
	at java.base@11.0.15/java.lang.Thread.run(Thread.java:834)
</pre></div></td>
<td>0</td>
<td>testClasses.TestNgTestClass@117159c0</td></tr>
</table><p>
<table width='100%' border='1' class='invocation-passed'>
<tr><td colspan='4' align='center'><b>PASSED TESTS</b></td></tr>
<tr><td><b>Test method</b></td>
<td><b>Attribute(s)</b></td>
<td width="30%"><b>Exception</b></td>
<td width="10%"><b>Time (seconds)</b></td>
<td><b>Instance</b></td>
</tr>
<tr>
<td title='testClasses.TestNgTestClass.verifyStartedButtonIsAvailable()'><b>verifyStartedButtonIsAvailable</b><br>Test class: testClasses.TestNgTestClass<br/>
<a href="#Output-626941486" onClick='toggleBox("Output-626941486", this, "Show output", "Hide output");'>Show output</a>

<a href="#Output-626941486" onClick="toggleAllBoxes();">Show all outputs</a>
<div class='log' id="Output-626941486">
Tc is start<br/>
start test case name isverifyStartedButtonIsAvailable<br/>
Started button is displayed TC is pass<br/>
TC is passed<br/>
success TC name isverifyStartedButtonIsAvailable<br/>
</div>
</td>
<td></td>
<td>0</td>
<td>testClasses.TestNgTestClass@117159c0</td></tr>
</table><p>
</body>
</html>